<?xml version="1.0" encoding="UTF-8"?>
<testExecutions version="1">
  <file path="C:\projects\devonfw-ide-scripts-2020.08.002\workspaces\powerboard_latest_api\CICD\powerboard-cicd-test-repo\src\app\core\auth\services\auth.service.spec.ts">
    <testCase name="AuthService should be defined after module initialization" duration="158"/>
    <testCase name="AuthService validateUser should return a defined user response if the user is present in the database" duration="811"/>
    <testCase name="AuthService validateUser should return undefined response if the user is not present in the database" duration="60"/>
    <testCase name="AuthService singIn should return accessToken if the user is present in the database" duration="209"/>
    <testCase name="AuthService login should return a JWT token and login response when a valid user is provided" duration="164"/>
    <testCase name="AuthService login should return a exception when an invalid user is provided" duration="358"/>
    <testCase name="AuthService loginGuest() should call the loginResponseForGuest() method and return login response for a guest user" duration="100"/>
    <testCase name="AuthService loginResponseForGuest() should return login response for a guest user" duration="159"/>
    <testCase name="AuthService getHomeDetailsForUserId should return a home detail response for the given user" duration="227"/>
    <testCase name="AuthService getPowerboard() should return the powerboard response inside login response for a user who visited any team earlier" duration="53"/>
    <testCase name="AuthService changePassword() should return the user with updated password" duration="46"/>
    <testCase name="AuthService systemAdminHome() should return home response for system admin" duration="130"/>
    <testCase name="AuthService teamMemberTeamAdminHome() should return a home detail response for the team member or team admin" duration="62"/>
    <testCase name="AuthService homeDetailsForTeamMemberAdmin() should return home detail for the team member or team admin" duration="68"/>
    <testCase name="AuthService getPrivileges() should return the priveleges if the user is system admin or guest " duration="111"/>
    <testCase name="AuthService getPrivileges() should return the priveleges if the user is team admin or team member associated with any team" duration="368"/>
    <testCase name="AuthService register should register a new user if not exists" duration="102"/>
  </file>
  <file path="C:\projects\devonfw-ide-scripts-2020.08.002\workspaces\powerboard_latest_api\CICD\powerboard-cicd-test-repo\src\app\teams\services\team.crud.service.spec.ts">
    <testCase name="TeamCrudService should be defined after module initialization" duration="156"/>
    <testCase name="TeamCrudService updateTeam() should update the team test 1 if team not found" duration="65"/>
    <testCase name="TeamCrudService updateTeam() should update the team test 2 if team found" duration="85"/>
    <testCase name="TeamCrudService getTeamInfoById() get all 5 kpis details along with sprint and status test 1 if team not present in db " duration="67"/>
    <testCase name="TeamCrudService getTeamInfoById() get all 5 kpis details along with sprint and status test 2 if team present in db and user is System Admin " duration="189">
      <failure message="Error: expect(received).toEqual(expected) // deep equality"><![CDATA[Error: expect(received).toEqual(expected) // deep equality

- Expected  - 1
+ Received  + 1

@@ -26,11 +26,11 @@
      "teamId": "46455bf7-ada7-495c-8019-8d7ab76d488e",
      "teamSpirit": Object {
        "teamSpiritRating": 7,
      },
    },
-   "logo": "undefined/46455bf7-ada7-495c-8019-8d7ab76d488e/",
+   "logo": "undefinedlogo/46455bf7-ada7-495c-8019-8d7ab76d488e/",
    "multimedia": Array [
      Object {
        "fileId": "aaad19f7-1b66-44aa-a443-4fcdd173f385",
        "fileName": "bannerd8a32383-b767-44e7-b48c-d15fbecc9a49.jpg",
      },
    at Object.<anonymous> (C:\projects\devonfw-ide-scripts-2020.08.002\workspaces\powerboard_latest_api\CICD\powerboard-cicd-test-repo\src\app\teams\services\team.crud.service.spec.ts:503:28)
    at processTicksAndRejections (internal/process/task_queues.js:97:5)]]></failure>
    </testCase>
    <testCase name="TeamCrudService getTeamInfoById() get all 5 kpis details along with sprint and status test 3 if team present in db and user is not a System Admin " duration="91">
      <failure message="Error: expect(received).toEqual(expected) // deep equality"><![CDATA[Error: expect(received).toEqual(expected) // deep equality

- Expected  - 1
+ Received  + 1

@@ -26,11 +26,11 @@
      "teamId": "46455bf7-ada7-495c-8019-8d7ab76d488e",
      "teamSpirit": Object {
        "teamSpiritRating": 7,
      },
    },
-   "logo": "undefined/46455bf7-ada7-495c-8019-8d7ab76d488e/",
+   "logo": "undefinedlogo/46455bf7-ada7-495c-8019-8d7ab76d488e/",
    "multimedia": Array [
      Object {
        "fileId": "aaad19f7-1b66-44aa-a443-4fcdd173f385",
        "fileName": "bannerd8a32383-b767-44e7-b48c-d15fbecc9a49.jpg",
      },
    at Object.<anonymous> (C:\projects\devonfw-ide-scripts-2020.08.002\workspaces\powerboard_latest_api\CICD\powerboard-cicd-test-repo\src\app\teams\services\team.crud.service.spec.ts:552:28)
    at processTicksAndRejections (internal/process/task_queues.js:97:5)]]></failure>
    </testCase>
    <testCase name="TeamCrudService getCenterByTeamId() should ftech all center in the team test 1 if team not found" duration="57"/>
    <testCase name="TeamCrudService getCenterByTeamId() should ftech all center in the team test 2 if team found" duration="60"/>
    <testCase name="TeamCrudService  getLinksForTeam() getLinksForTeam() should fetch the all the links of the team if priveleges includes view-links" duration="137"/>
    <testCase name="TeamCrudService  getLinksForTeam() getLinksForTeam() should fetch the all the links of the team if priveleges does not include view-links" duration="92"/>
    <testCase name="TeamCrudService  getMultimediaForTeam() it should return all the multimedia related to the team" duration="70"/>
  </file>
  <file path="C:\projects\devonfw-ide-scripts-2020.08.002\workspaces\powerboard_latest_api\CICD\powerboard-cicd-test-repo\src\app\teams\services\global.team.service.spec.ts">
    <testCase name="TeamCrudService should be defined after module initialization" duration="492"/>
    <testCase name="TeamCrudService getTeamsByCenterId() should update the team test 1 if no team found inside centerId" duration="103"/>
    <testCase name="TeamCrudService getTeamsByCenterId() should update the team test 2 if teams found inside centerId" duration="127"/>
    <testCase name="TeamCrudService uploadLogoForTeam()  should upload logo of a team" duration="113">
      <failure message="Error: expect(received).toEqual(expected) // deep equality"><![CDATA[Error: expect(received).toEqual(expected) // deep equality

- Expected  - 1
+ Received  + 1

  Object {
    "ad_center": "98955bf7-ada7-495c-8019-8d7ab62d488e",
    "id": "fe4f8120-8a2c-47ad-bad7-86e412e323c1",
-   "logo": "undefined/fe4f8120-8a2c-47ad-bad7-86e412e323c1/logo_B222bf72b3-3f3b-471d-b0d8-f21a6283d00e.png",
+   "logo": "undefinedlogo/fe4f8120-8a2c-47ad-bad7-86e412e323c1/logo_B222bf72b3-3f3b-471d-b0d8-f21a6283d00e.png",
    "name": "Team E",
    "projectKey": "P112461",
    "teamCode": "9900918",
  }
    at Object.<anonymous> (C:\projects\devonfw-ide-scripts-2020.08.002\workspaces\powerboard_latest_api\CICD\powerboard-cicd-test-repo\src\app\teams\services\global.team.service.spec.ts:456:71)
    at processTicksAndRejections (internal/process/task_queues.js:97:5)]]></failure>
    </testCase>
    <testCase name="TeamCrudService deleteLogoForTeam()  should delete logo of a team" duration="71"/>
    <testCase name="TeamCrudService deleteLogoForTeam()  should throw error if file not present in path" duration="62"/>
    <testCase name="TeamCrudService addTeam()  should throw error if team is already present in db" duration="67"/>
    <testCase name="TeamCrudService addTeam()  should add team if team is not already present in db" duration="107"/>
    <testCase name="TeamCrudService addTeam()  should create new team if team is not already present in db and even if logo is not there" duration="83"/>
    <testCase name="TeamCrudService deleteTeamById()  should delete team if team is present in db" duration="68"/>
    <testCase name="TeamCrudService deleteTeamById()  should throw error if team is not present in db" duration="121"/>
    <testCase name="TeamCrudService getAllTeams()  should return all the teams present in the db" duration="117"/>
    <testCase name="TeamCrudService getAllTeams()  should return a message when no team is found" duration="100"/>
    <testCase name="TeamCrudService viewTeamsInADC() should return adc Team list" duration="430"/>
    <testCase name="TeamCrudService findTeamById() should return the team if it is present in the db" duration="137"/>
    <testCase name="TeamCrudService updateTeamStatus() should update the status of team " duration="111"/>
  </file>
</testExecutions>